{"level":"info","message":"Backend running on port 5000","timestamp":"2026-01-15T04:48:32.858Z"}
{"level":"info","message":"Connected to MongoDB","timestamp":"2026-01-15T04:48:32.877Z"}
{"level":"info","message":"Action: New Shoutout Created: ceina","timestamp":"2026-01-15T04:49:52.446Z"}
{"level":"info","message":"Backend running on port 5000","timestamp":"2026-01-15T04:53:06.313Z"}
{"level":"info","message":"Connected to MongoDB","timestamp":"2026-01-15T04:53:06.332Z"}
{"level":"info","message":"Action: New Shoutout Created: hello","timestamp":"2026-01-15T04:53:26.118Z"}
{"level":"info","message":"Backend running on port 5000","timestamp":"2026-01-15T04:55:48.705Z"}
{"level":"info","message":"Connected to MongoDB","timestamp":"2026-01-15T04:55:48.729Z"}
{"level":"info","message":"Backend running on port 5000","timestamp":"2026-01-15T05:47:18.208Z"}
{"level":"info","message":"Connected to MongoDB","timestamp":"2026-01-15T05:47:18.229Z"}
{"level":"info","message":"Backend running on port 5000","timestamp":"2026-01-15T06:03:05.738Z"}
{"level":"info","message":"Connected to MongoDB","timestamp":"2026-01-15T06:03:05.759Z"}
{"level":"info","message":"Backend running on port 5000","timestamp":"2026-01-15T06:09:57.716Z"}
{"level":"info","message":"Connected to MongoDB","timestamp":"2026-01-15T06:09:57.736Z"}
{"level":"info","message":"Backend running on port 5000","timestamp":"2026-01-15T06:12:56.373Z"}
{"level":"info","message":"Connected to MongoDB","timestamp":"2026-01-15T06:12:56.393Z"}
{"level":"info","message":"Action: New Shoutout Created: hey ","timestamp":"2026-01-15T06:17:02.778Z"}
{"level":"info","message":"Action: New Shoutout Created: Hello","timestamp":"2026-01-15T06:33:25.785Z"}
{"level":"info","message":"Backend running on port 5000","timestamp":"2026-01-16T05:47:26.663Z"}
{"level":"info","message":"Connected to MongoDB","timestamp":"2026-01-16T05:47:27.197Z"}
{"level":"info","message":"Backend running on port 5000","timestamp":"2026-01-16T06:11:15.105Z"}
{"level":"info","message":"Connected to MongoDB","timestamp":"2026-01-16T06:11:15.127Z"}
{"level":"info","message":"Action: New Shoutout Created: hi","timestamp":"2026-01-16T06:33:31.170Z"}
{"level":"info","message":"Backend running on port 5000","timestamp":"2026-01-20T14:42:01.460Z"}
{"level":"info","message":"Connected to MongoDB","timestamp":"2026-01-20T14:42:01.992Z"}
{"level":"info","message":"Backend running on port 5000","timestamp":"2026-01-21T03:04:16.646Z"}
{"level":"info","message":"Connected to MongoDB","timestamp":"2026-01-21T03:04:17.185Z"}
{"level":"info","message":"Backend running on port 5000","timestamp":"2026-01-21T07:45:23.291Z"}
{"level":"info","message":"Connected to MongoDB","timestamp":"2026-01-21T07:45:23.822Z"}
{"level":"info","message":"Backend running on port 5000","timestamp":"2026-01-21T09:38:12.041Z"}
{"level":"info","message":"Connected to MongoDB","timestamp":"2026-01-21T09:38:12.061Z"}
{"level":"info","message":"Backend running on port 5000","timestamp":"2026-01-21T10:50:12.977Z"}
{"level":"info","message":"Connected to MongoDB","timestamp":"2026-01-21T10:50:13.514Z"}
{"level":"info","message":"Backend running on port 5000","timestamp":"2026-01-21T13:08:47.506Z"}
{"level":"info","message":"Connected to MongoDB","timestamp":"2026-01-21T13:08:48.040Z"}
{"level":"info","message":"Backend running on port 5000","timestamp":"2026-01-21T14:30:10.103Z"}
{"level":"info","message":"Connected to MongoDB","timestamp":"2026-01-21T14:30:10.630Z"}
{"level":"info","message":"Backend running on port 5000","timestamp":"2026-01-22T05:41:30.465Z"}
{"level":"info","message":"Connected to MongoDB","timestamp":"2026-01-22T05:41:30.476Z"}
{"level":"info","message":"Backend running on port 5000","timestamp":"2026-01-26T16:54:13.580Z"}
{"level":"info","message":"Connected to MongoDB","timestamp":"2026-01-26T16:54:14.118Z"}
{"level":"info","message":"Backend running on port 5000","timestamp":"2026-01-27T05:43:53.541Z"}
{"level":"info","message":"Connected to MongoDB","timestamp":"2026-01-27T05:43:53.552Z"}
