yyyy-12-02 11:35:30 [INFO]: Loading App... 

yyyy-12-02 11:35:30 [INFO]: MongoDB connected 

yyyy-12-02 11:35:30 [INFO]: Loading Middlewares...
yyyy-12-02 11:35:30 [INFO]: All Middlewares Loaded...

yyyy-12-02 11:35:30 [INFO]: Mounting Routes...
yyyy-12-02 11:35:30 [INFO]: Root Router mounted at: /
yyyy-12-02 11:35:30 [INFO]: Routes Mounted... 

yyyy-12-02 11:35:30 [INFO]: Server is running at http://localhost:5000 with 25468

yyyy-12-02 11:37:24 [INFO]: Loading App... 

yyyy-12-02 11:37:24 [INFO]: MongoDB connected 

yyyy-12-02 11:37:24 [INFO]: Loading Middlewares...
yyyy-12-02 11:37:24 [INFO]: All Middlewares Loaded...

yyyy-12-02 11:37:24 [INFO]: Mounting Routes...
yyyy-12-02 11:37:24 [INFO]: Root Router mounted at: /
yyyy-12-02 11:37:24 [INFO]: Routes Mounted... 

yyyy-12-02 11:37:24 [INFO]: Server is running at http://localhost:5000 with 25591

yyyy-12-02 11:37:48 [INFO]: Loading App... 

yyyy-12-02 11:37:48 [INFO]: MongoDB connected 

yyyy-12-02 11:37:48 [INFO]: Loading Middlewares...
yyyy-12-02 11:37:48 [INFO]: All Middlewares Loaded...

yyyy-12-02 11:37:48 [INFO]: Mounting Routes...
yyyy-12-02 11:37:48 [INFO]: Root Router mounted at: /
yyyy-12-02 11:37:48 [INFO]: Routes Mounted... 

yyyy-12-02 11:37:48 [INFO]: Server is running at http://localhost:5000 with 25686

yyyy-12-02 11:37:48 [INFO]: Loading App... 

yyyy-12-02 11:37:48 [INFO]: Loading App... 

yyyy-12-02 11:37:48 [INFO]: Loading App... 

yyyy-12-02 11:37:48 [INFO]: MongoDB connected 

yyyy-12-02 11:37:48 [INFO]: Loading App... 

yyyy-12-02 11:37:48 [INFO]: Loading App... 

yyyy-12-02 11:37:48 [INFO]: Loading Middlewares...
yyyy-12-02 11:37:48 [INFO]: All Middlewares Loaded...

yyyy-12-02 11:37:48 [INFO]: Mounting Routes...
yyyy-12-02 11:37:48 [INFO]: Root Router mounted at: /
yyyy-12-02 11:37:48 [INFO]: Routes Mounted... 

yyyy-12-02 11:37:48 [INFO]: Server is running at http://localhost:5000 with 25678

yyyy-12-02 11:37:48 [INFO]: MongoDB connected 

yyyy-12-02 11:37:48 [INFO]: Loading App... 

yyyy-12-02 11:37:48 [INFO]: Loading App... 

yyyy-12-02 11:37:48 [INFO]: MongoDB connected 

yyyy-12-02 11:37:48 [INFO]: Loading Middlewares...
yyyy-12-02 11:37:48 [INFO]: All Middlewares Loaded...

yyyy-12-02 11:37:48 [INFO]: Mounting Routes...
yyyy-12-02 11:37:48 [INFO]: Root Router mounted at: /
yyyy-12-02 11:37:48 [INFO]: Routes Mounted... 

yyyy-12-02 11:37:48 [INFO]: Server is running at http://localhost:5000 with 25707

yyyy-12-02 11:37:48 [INFO]: Loading App... 

yyyy-12-02 11:37:48 [INFO]: Loading Middlewares...
yyyy-12-02 11:37:48 [INFO]: All Middlewares Loaded...

yyyy-12-02 11:37:48 [INFO]: Mounting Routes...
yyyy-12-02 11:37:48 [INFO]: Root Router mounted at: /
yyyy-12-02 11:37:48 [INFO]: Routes Mounted... 

yyyy-12-02 11:37:48 [INFO]: MongoDB connected 

yyyy-12-02 11:37:48 [INFO]: MongoDB connected 

yyyy-12-02 11:37:48 [INFO]: Loading App... 

yyyy-12-02 11:37:48 [INFO]: Server is running at http://localhost:5000 with 25696

yyyy-12-02 11:37:48 [INFO]: Loading App... 

yyyy-12-02 11:37:48 [INFO]: Loading Middlewares...
yyyy-12-02 11:37:48 [INFO]: All Middlewares Loaded...

yyyy-12-02 11:37:48 [INFO]: Mounting Routes...
yyyy-12-02 11:37:48 [INFO]: Root Router mounted at: /
yyyy-12-02 11:37:48 [INFO]: Routes Mounted... 

yyyy-12-02 11:37:48 [INFO]: MongoDB connected 

yyyy-12-02 11:37:48 [INFO]: Loading Middlewares...
yyyy-12-02 11:37:48 [INFO]: All Middlewares Loaded...

yyyy-12-02 11:37:48 [INFO]: Mounting Routes...
yyyy-12-02 11:37:48 [INFO]: Root Router mounted at: /
yyyy-12-02 11:37:48 [INFO]: Routes Mounted... 

yyyy-12-02 11:37:48 [INFO]: Server is running at http://localhost:5000 with 25726

yyyy-12-02 11:37:48 [INFO]: MongoDB connected 

yyyy-12-02 11:37:48 [INFO]: Loading Middlewares...
yyyy-12-02 11:37:48 [INFO]: All Middlewares Loaded...

yyyy-12-02 11:37:48 [INFO]: Mounting Routes...
yyyy-12-02 11:37:48 [INFO]: Root Router mounted at: /
yyyy-12-02 11:37:48 [INFO]: Routes Mounted... 

yyyy-12-02 11:37:48 [INFO]: Server is running at http://localhost:5000 with 25675

yyyy-12-02 11:37:48 [INFO]: Loading Middlewares...
yyyy-12-02 11:37:48 [INFO]: All Middlewares Loaded...

yyyy-12-02 11:37:48 [INFO]: Mounting Routes...
yyyy-12-02 11:37:48 [INFO]: Root Router mounted at: /
yyyy-12-02 11:37:48 [INFO]: Routes Mounted... 

yyyy-12-02 11:37:48 [INFO]: MongoDB connected 

yyyy-12-02 11:37:48 [INFO]: Server is running at http://localhost:5000 with 25676

yyyy-12-02 11:37:48 [INFO]: Loading Middlewares...
yyyy-12-02 11:37:48 [INFO]: All Middlewares Loaded...

yyyy-12-02 11:37:48 [INFO]: Mounting Routes...
yyyy-12-02 11:37:48 [INFO]: Root Router mounted at: /
yyyy-12-02 11:37:48 [INFO]: Routes Mounted... 

yyyy-12-02 11:37:48 [INFO]: Server is running at http://localhost:5000 with 25684

yyyy-12-02 11:37:48 [INFO]: Loading App... 

yyyy-12-02 11:37:48 [INFO]: Server is running at http://localhost:5000 with 25714

yyyy-12-02 11:37:48 [INFO]: MongoDB connected 

yyyy-12-02 11:37:48 [INFO]: MongoDB connected 

yyyy-12-02 11:37:48 [INFO]: Loading Middlewares...
yyyy-12-02 11:37:48 [INFO]: All Middlewares Loaded...

yyyy-12-02 11:37:48 [INFO]: Mounting Routes...
yyyy-12-02 11:37:48 [INFO]: Root Router mounted at: /
yyyy-12-02 11:37:48 [INFO]: Routes Mounted... 

yyyy-12-02 11:37:48 [INFO]: Server is running at http://localhost:5000 with 25720

yyyy-12-02 11:37:48 [INFO]: MongoDB connected 

yyyy-12-02 11:37:48 [INFO]: Loading Middlewares...
yyyy-12-02 11:37:48 [INFO]: All Middlewares Loaded...

yyyy-12-02 11:37:48 [INFO]: Mounting Routes...
yyyy-12-02 11:37:48 [INFO]: Root Router mounted at: /
yyyy-12-02 11:37:48 [INFO]: Routes Mounted... 

yyyy-12-02 11:37:48 [INFO]: Loading Middlewares...
yyyy-12-02 11:37:48 [INFO]: All Middlewares Loaded...

yyyy-12-02 11:37:48 [INFO]: Mounting Routes...
yyyy-12-02 11:37:48 [INFO]: Root Router mounted at: /
yyyy-12-02 11:37:48 [INFO]: Routes Mounted... 

yyyy-12-02 11:37:48 [INFO]: Server is running at http://localhost:5000 with 25677

yyyy-12-02 11:37:48 [INFO]: Server is running at http://localhost:5000 with 25710

