[2025-12-11 19:34:46] FAILED to reach http://localhost:8000/ping
[2025-12-11 19:34:56] FAILED to reach http://localhost:8000/ping
[2025-12-11 19:35:06] FAILED to reach http://localhost:8000/ping
[2025-12-11 19:35:16] FAILED to reach http://localhost:8000/ping
[2025-12-11 19:37:24] FAILED to reach http://localhost:8000/root
[2025-12-11 19:37:34] FAILED to reach http://localhost:8000/root
[2025-12-11 19:37:44] FAILED to reach http://localhost:8000/root


Starting health check for: http://localhost:8000/
Logging failures to: logs/health.log
-----------------------------------------
[2025-12-13 22:36:12] ✔ Healthy
[2025-12-13 22:36:22] ✔ Healthy
[2025-12-13 22:36:32] ✔ Healthy
[2025-12-13 22:36:42] ✔ Healthy
[2025-12-13 22:36:52] ✔ Healthy

prakritisaldiya@HESTABIT-511:~/prakriti/Prakriti_LaunchPad/Week_1/Day_5/server$ npm start

> server@1.0.0 start
> node server.js

server started
hello from the server
hello from the server
hello from the server
hello from the server
hello from the server



[2025-12-15 11:20:01] FAILED to reach http://localhost:8000/ping
[2025-12-15 11:25:01] FAILED to reach http://localhost:8000/ping
[2025-12-15 11:30:01] FAILED to reach http://localhost:8000/ping
[2025-12-15 11:35:01] FAILED to reach http://localhost:8000/ping
[2025-12-15 11:40:01] FAILED to reach http://localhost:8000/ping
[2025-12-15 11:45:01] FAILED to reach http://localhost:8000/ping
[2025-12-15 11:46:01] FAILED to reach http://localhost:8000/ping
[2025-12-15 11:47:01] FAILED to reach http://localhost:8000/ping
[2025-12-15 11:48:01] FAILED to reach http://localhost:8000/ping
[2025-12-15 11:49:01] FAILED to reach http://localhost:8000/ping
[2025-12-15 11:50:01] FAILED to reach http://localhost:8000/ping
[2025-12-15 11:51:01] FAILED to reach http://localhost:8000/ping
[2025-12-15 11:52:01] FAILED to reach http://localhost:8000/ping
[2025-12-15 11:53:01] FAILED to reach http://localhost:8000/ping
[2025-12-15 11:54:01] FAILED to reach http://localhost:8000/ping
[2025-12-15 11:55:01] FAILED to reach http://localhost:8000/ping
[2025-12-15 11:56:01] FAILED to reach http://localhost:8000/ping
[2025-12-15 11:57:01] FAILED to reach http://localhost:8000/ping
[2025-12-15 11:58:01] FAILED to reach http://localhost:8000/ping
[2025-12-15 11:59:01] FAILED to reach http://localhost:8000/ping
[2025-12-15 12:00:01] FAILED to reach http://localhost:8000/ping
[2025-12-15 12:01:01] FAILED to reach http://localhost:8000/ping
[2025-12-15 12:02:01] FAILED to reach http://localhost:8000/ping
[2025-12-15 12:03:01] FAILED to reach http://localhost:8000/ping
[2025-12-15 12:04:01] FAILED to reach http://localhost:8000/ping
[2025-12-15 12:05:01] FAILED to reach http://localhost:8000/ping
[2025-12-15 12:06:01] FAILED to reach http://localhost:8000/ping
[2025-12-15 12:07:01] FAILED to reach http://localhost:8000/ping
[2025-12-15 12:08:01] FAILED to reach http://localhost:8000/ping
[2025-12-15 12:09:01] FAILED to reach http://localhost:8000/ping
[2025-12-15 12:10:01] FAILED to reach http://localhost:8000/ping
[2025-12-15 12:11:01] FAILED to reach http://localhost:8000/ping
[2025-12-15 12:12:01] FAILED to reach http://localhost:8000/ping
[2025-12-15 12:13:01] FAILED to reach http://localhost:8000/ping
[2025-12-15 12:14:01] FAILED to reach http://localhost:8000/ping
[2025-12-15 12:15:01] FAILED to reach http://localhost:8000/ping
[2025-12-15 12:16:01] FAILED to reach http://localhost:8000/ping
[2025-12-15 12:17:01] FAILED to reach http://localhost:8000/ping
[2025-12-15 12:18:01] FAILED to reach http://localhost:8000/ping
[2025-12-15 12:19:01] FAILED to reach http://localhost:8000/ping
[2025-12-15 12:20:01] FAILED to reach http://localhost:8000/ping
[2025-12-15 12:21:01] FAILED to reach http://localhost:8000/ping
[2025-12-15 12:22:01] FAILED to reach http://localhost:8000/ping
